2025-02-21 09:12:59 INFO  DriverFactory:31 - browser name is chrome
2025-02-21 09:13:04 INFO  SignUpPage:39 - login page url==>https://www.clarksons.net/n/#/portal/account/register
2025-02-21 09:13:07 INFO  SignUpPage:66 - Yes please, I would like to receive marketing updates by: Phone
2025-02-21 09:16:32 INFO  DriverFactory:31 - browser name is chrome
2025-02-21 09:16:32 INFO  DriverFactory:31 - browser name is chrome
2025-02-21 09:16:44 INFO  SignUpPage:39 - login page url==>https://www.clarksons.net/n/#/portal/account/register
2025-02-21 09:16:46 INFO  SignUpPage:22 - login page title==>Clarksons Research Portal
2025-02-21 09:16:48 INFO  SignUpPage:66 - Yes please, I would like to receive marketing updates by: Phone
2025-02-21 09:16:48 INFO  SignUpPage:22 - login page title==>Clarksons Research Portal
2025-02-21 12:26:00 INFO  DriverFactory:31 - browser name is chrome
2025-02-21 12:26:00 INFO  DriverFactory:31 - browser name is chrome
2025-02-21 12:26:08 INFO  SignUpPage:22 - login page title==>Clarksons Research Portal
2025-02-21 12:26:09 INFO  SignUpPage:39 - login page url==>https://www.clarksons.net/n/#/portal/account/register
2025-02-21 12:26:13 INFO  SignUpPage:66 - Yes please, I would like to receive marketing updates by: Phone
2025-02-21 12:26:13 INFO  SignUpPage:22 - login page title==>Clarksons Research Portal
2025-02-21 12:27:15 INFO  DriverFactory:31 - browser name is chrome
2025-02-21 12:27:15 INFO  DriverFactory:31 - browser name is chrome
2025-02-21 12:27:21 INFO  SignUpPage:39 - login page url==>https://www.clarksons.net/n/#/portal/account/register
2025-02-21 12:27:21 INFO  SignUpPage:22 - login page title==>Clarksons Research Portal
2025-02-21 12:27:24 INFO  SignUpPage:66 - Yes please, I would like to receive marketing updates by: Phone
2025-02-21 12:27:25 INFO  SignUpPage:22 - login page title==>Clarksons Research Portal
2025-02-21 12:33:28 INFO  DriverFactory:31 - browser name is chrome
2025-02-21 12:33:33 INFO  SignUpPage:39 - login page url==>https://www.clarksons.net/n/#/portal/account/register
2025-02-21 12:33:36 INFO  SignUpPage:66 - Yes please, I would like to receive marketing updates by: Phone
2025-02-21 12:33:36 INFO  SignUpPage:22 - login page title==>Clarksons Research Portal
2025-02-21 14:53:17 INFO  DriverFactory:31 - browser name is chrome
2025-02-21 14:53:28 INFO  SignUpPage:39 - login page url==>https://www.clarksons.net/n/#/portal/account/register
2025-02-21 14:53:32 INFO  SignUpPage:66 - Yes please, I would like to receive marketing updates by: Phone
2025-02-21 14:53:32 INFO  SignUpPage:22 - login page title==>Clarksons Research Portal
2025-02-21 14:55:48 INFO  DriverFactory:31 - browser name is chrome
2025-02-21 14:55:58 INFO  SignUpPage:39 - login page url==>https://www.clarksons.net/n/#/portal/account/register
2025-02-21 14:56:03 INFO  SignUpPage:66 - Yes please, I would like to receive marketing updates by: Phone
2025-02-21 14:56:03 INFO  SignUpPage:22 - login page title==>Clarksons Research Portal
2025-02-21 14:58:13 INFO  DriverFactory:31 - browser name is chrome
2025-02-21 14:58:20 INFO  SignUpPage:39 - login page url==>https://www.clarksons.net/n/#/portal/account/register
2025-02-21 15:00:38 INFO  DriverFactory:31 - browser name is chrome
2025-02-21 15:00:45 INFO  SignUpPage:39 - login page url==>https://www.clarksons.net/n/#/portal/account/register
2025-02-21 15:02:46 INFO  DriverFactory:31 - browser name is chrome
2025-02-21 15:02:52 INFO  SignUpPage:39 - login page url==>https://www.clarksons.net/n/#/portal/account/register
2025-02-21 15:02:57 INFO  SignUpPage:71 - Yes please, I would like to receive marketing updates by: Phone
2025-02-21 15:02:57 INFO  SignUpPage:22 - login page title==>Clarksons Research Portal
2025-02-21 15:05:54 INFO  DriverFactory:31 - browser name is chrome
2025-02-21 15:05:59 INFO  SignUpPage:39 - login page url==>https://www.clarksons.net/n/#/portal/account/register
2025-02-21 15:06:05 INFO  SignUpPage:71 - Yes please, I would like to receive marketing updates by: Phone
2025-02-21 15:06:05 INFO  SignUpPage:22 - login page title==>Clarksons Research Portal
2025-02-21 15:36:58 INFO  DriverFactory:31 - browser name is chrome
2025-02-21 15:37:13 INFO  SignUpPage:39 - login page url==>https://www.clarksons.net/n/#/portal/account/register
2025-02-21 15:37:23 INFO  SignUpPage:71 - Yes please, I would like to receive marketing updates by: Phone
2025-02-21 15:37:23 INFO  SignUpPage:25 - page title==>Clarksons Research Portal
2025-02-21 15:39:42 INFO  DriverFactory:31 - browser name is chrome
2025-02-21 15:39:48 INFO  SignUpPage:25 - page title==>Clarksons Research Portal
2025-02-21 15:42:32 INFO  DriverFactory:31 - browser name is chrome
2025-02-21 15:42:38 INFO  SignUpPage:39 - login page url==>https://www.clarksons.net/n/#/portal/account/register
2025-02-21 15:45:15 INFO  DriverFactory:31 - browser name is chrome
2025-02-21 15:45:20 INFO  SignUpPage:39 - login page url==>https://www.clarksons.net/n/#/portal/account/register
2025-02-21 15:45:24 INFO  SignUpPage:68 - Yes please, I would like to receive marketing updates by: Phone
2025-02-21 15:45:24 INFO  SignUpPage:25 - page title==>Clarksons Research Portal
2025-02-21 15:46:26 INFO  DriverFactory:31 - browser name is chrome
2025-02-21 15:46:31 INFO  SignUpPage:39 - login page url==>https://www.clarksons.net/n/#/portal/account/register
2025-02-21 15:46:34 INFO  SignUpPage:68 - Yes please, I would like to receive marketing updates by: Phone
2025-02-21 15:46:34 INFO  SignUpPage:25 - page title==>Clarksons Research Portal
2025-02-21 15:53:50 INFO  DriverFactory:31 - browser name is chrome
2025-02-21 15:54:00 INFO  SignUpPage:39 - login page url==>https://www.clarksons.net/n/#/portal/account/register
2025-02-21 15:54:05 INFO  SignUpPage:68 - Yes please, I would like to receive marketing updates by: Phone
2025-02-21 15:54:05 INFO  SignUpPage:27 - page title==>Clarksons Research Portal
2025-02-21 15:54:06 INFO  SignUpPage:31 - Thank you for your application for a trial, we will be in touch shortly. Please check your email inbox for further details on your registration. If you don't receive an email within a few seconds, please check your spam filters or contact us for further assistance.
2025-02-21 16:15:38 INFO  DriverFactory:31 - browser name is chrome
2025-02-21 16:15:44 INFO  SignUpPage:39 - login page url==>https://www.clarksons.net/n/#/portal/account/register
2025-02-21 16:18:34 INFO  DriverFactory:31 - browser name is chrome
2025-02-21 16:18:42 INFO  SignUpPage:39 - login page url==>https://www.clarksons.net/n/#/portal/account/register
2025-02-21 16:23:28 INFO  DriverFactory:31 - browser name is chrome
2025-02-21 16:23:33 INFO  SignUpPage:39 - login page url==>https://www.clarksons.net/n/#/portal/account/register
2025-02-21 16:23:37 INFO  SignUpPage:69 - Yes please, I would like to receive marketing updates by: Phone
2025-02-21 16:23:37 INFO  SignUpPage:27 - page title==>Clarksons Research Portal
2025-02-21 16:23:38 INFO  SignUpPage:30 - Registration Successful
2025-02-21 16:23:38 INFO  SignUpPage:33 - Thank you for your application for a trial, we will be in touch shortly. Please check your email inbox for further details on your registration. If you don't receive an email within a few seconds, please check your spam filters or contact us for further assistance.
2025-02-21 16:27:57 INFO  DriverFactory:31 - browser name is chrome
2025-02-21 16:28:03 INFO  SignUpPage:39 - login page url==>https://www.clarksons.net/n/#/portal/account/register
2025-02-21 16:28:06 INFO  SignUpPage:69 - Yes please, I would like to receive marketing updates by: Phone
2025-02-21 16:28:07 INFO  SignUpPage:28 - Registration Successful
2025-02-21 16:28:07 INFO  SignUpPage:31 - Thank you for your application for a trial, we will be in touch shortly. Please check your email inbox for further details on your registration. If you don't receive an email within a few seconds, please check your spam filters or contact us for further assistance.
2025-02-21 16:39:01 INFO  DriverFactory:31 - browser name is chrome
2025-02-21 16:39:07 INFO  SignUpPage:39 - login page url==>https://www.clarksons.net/n/#/portal/account/register
2025-02-21 16:39:11 INFO  SignUpPage:69 - Yes please, I would like to receive marketing updates by: Phone
2025-02-21 16:39:12 INFO  SignUpPage:26 - Registration Successful
2025-02-21 16:39:12 INFO  SignUpPage:27 - Thank you for your application for a trial, we will be in touch shortly. Please check your email inbox for further details on your registration. If you don't receive an email within a few seconds, please check your spam filters or contact us for further assistance.
2025-02-21 16:41:57 INFO  DriverFactory:31 - browser name is chrome
2025-02-21 16:42:04 INFO  SignUpPage:39 - login page url==>https://www.clarksons.net/n/#/portal/account/register
2025-02-21 16:42:08 INFO  SignUpPage:69 - Yes please, I would like to receive marketing updates by: Phone
2025-02-21 16:42:09 INFO  SignUpPage:26 - Registration Successful
2025-02-21 16:42:09 INFO  SignUpPage:27 - Thank you for your application for a trial, we will be in touch shortly. Please check your email inbox for further details on your registration. If you don't receive an email within a few seconds, please check your spam filters or contact us for further assistance.
2025-02-21 16:45:46 INFO  DriverFactory:31 - browser name is chrome
2025-02-21 16:45:51 INFO  SignUpPage:39 - login page url==>https://www.clarksons.net/n/#/portal/account/register
2025-02-21 16:45:54 INFO  SignUpPage:69 - Yes please, I would like to receive marketing updates by: Phone
2025-02-21 16:45:56 INFO  SignUpPage:26 - Registration Successful
2025-02-21 16:45:56 INFO  SignUpPage:27 - Thank you for your application for a trial, we will be in touch shortly. Please check your email inbox for further details on your registration. If you don't receive an email within a few seconds, please check your spam filters or contact us for further assistance.
2025-02-21 16:48:04 INFO  DriverFactory:31 - browser name is chrome
2025-02-21 16:48:08 INFO  SignUpPage:39 - login page url==>https://www.clarksons.net/n/#/portal/account/register
2025-02-21 16:48:10 INFO  SignUpPage:52 - ==Could not Sign you up Invalid details provided please provide valid details to sign-up
2025-02-21 16:48:12 INFO  SignUpPage:70 - Yes please, I would like to receive marketing updates by: Phone
2025-02-21 16:48:13 INFO  SignUpPage:26 - Registration Successful
2025-02-21 16:48:13 INFO  SignUpPage:27 - Thank you for your application for a trial, we will be in touch shortly. Please check your email inbox for further details on your registration. If you don't receive an email within a few seconds, please check your spam filters or contact us for further assistance.
2025-02-25 12:57:25 INFO  DriverFactory:31 - browser name is chrome
2025-02-25 12:57:36 INFO  SignUpPage:39 - login page url==>https://www.clarksons.net/n/#/portal/account/register
2025-02-25 12:57:37 INFO  SignUpPage:52 - ==Could not Sign you up Invalid details provided please provide valid details to sign-up
2025-02-25 12:57:41 INFO  SignUpPage:70 - Yes please, I would like to receive marketing updates by: Phone
2025-02-25 12:57:43 INFO  SignUpPage:26 - Registration Successful
2025-02-25 12:57:43 INFO  SignUpPage:27 - Thank you for your application for a trial, we will be in touch shortly. Please check your email inbox for further details on your registration. If you don't receive an email within a few seconds, please check your spam filters or contact us for further assistance.
2025-02-25 18:32:08 INFO  DriverFactory:31 - browser name is chrome
2025-02-25 18:32:37 INFO  SignUpPage:39 - login page url==>https://www.clarksons.net/n/#/portal/account/register
2025-02-25 18:32:38 INFO  SignUpPage:52 - ==Could not Sign you up Invalid details provided please provide valid details to sign-up
2025-02-25 18:32:43 INFO  SignUpPage:70 - Yes please, I would like to receive marketing updates by: Phone
2025-02-25 18:32:45 INFO  SignUpPage:26 - Registration Successful
2025-02-25 18:32:45 INFO  SignUpPage:27 - Thank you for your application for a trial, we will be in touch shortly. Please check your email inbox for further details on your registration. If you don't receive an email within a few seconds, please check your spam filters or contact us for further assistance.
